已經開始建置於 2017/6/11 下午 01:46:11。
     1>節點 2 (Build 目標) 上的專案 "D:\繪圖程式設計\finalproject2\pokemon\AS2_Framework\VC14\AS2_Framework.vcxproj"。
     1>ClCompile:
         C:\Program Files (x86)\Microsoft Visual Studio 12.0\VC\bin\CL.exe /c /ZI /nologo /W3 /WX- /Od /Oy- /D WIN32 /D _DEBUG /D _CONSOLE /D _UNICODE /D UNICODE /Gm /EHsc /RTC1 /MDd /GS /fp:precise /Zc:wchar_t /Zc:forScope /Fo"Debug\\" /Fd"Debug\vc120.pdb" /Gd /TP /analyze- /errorReport:prompt ..\Source\header_only.cpp ..\Source\main.cpp
         main.cpp
     1>d:\繪圖程式設計\finalproject2\pokemon\as2_framework\source\main.cpp(53): warning C4996: 'fopen': This function or variable may be unsafe. Consider using fopen_s instead. To disable deprecation, use _CRT_SECURE_NO_WARNINGS. See online help for details.
                 c:\program files (x86)\microsoft visual studio 12.0\vc\include\stdio.h(211) : 請參閱 'fopen' 的宣告
     1>d:\繪圖程式設計\finalproject2\pokemon\as2_framework\source\main.cpp(105): warning C4018: '<' : signed/unsigned 不相符
     1>d:\繪圖程式設計\finalproject2\pokemon\as2_framework\source\main.cpp(107): warning C4018: '<' : signed/unsigned 不相符
     1>d:\繪圖程式設計\finalproject2\pokemon\as2_framework\source\main.cpp(166): warning C4018: '<' : signed/unsigned 不相符
     1>d:\繪圖程式設計\finalproject2\pokemon\as2_framework\source\main.cpp(204): warning C4018: '<' : signed/unsigned 不相符
     1>d:\繪圖程式設計\finalproject2\pokemon\as2_framework\source\main.cpp(330): warning C4244: '=' : 將 'int' 轉換為 'float'，由於類型不同，可能導致資料遺失
     1>d:\繪圖程式設計\finalproject2\pokemon\as2_framework\source\main.cpp(331): warning C4244: '=' : 將 'int' 轉換為 'float'，由於類型不同，可能導致資料遺失
     1>d:\繪圖程式設計\finalproject2\pokemon\as2_framework\source\main.cpp(344): warning C4244: '=' : 將 'int' 轉換為 'float'，由於類型不同，可能導致資料遺失
     1>d:\繪圖程式設計\finalproject2\pokemon\as2_framework\source\main.cpp(345): warning C4244: '=' : 將 'int' 轉換為 'float'，由於類型不同，可能導致資料遺失
         header_only.cpp
     1>d:\繪圖程式設計\finalproject2\pokemon\as2_framework\externals\include\tinyobj\tiny_obj_loader.h(1092): warning C4996: 'sscanf': This function or variable may be unsafe. Consider using sscanf_s instead. To disable deprecation, use _CRT_SECURE_NO_WARNINGS. See online help for details.
                 c:\program files (x86)\microsoft visual studio 12.0\vc\include\stdio.h(304) : 請參閱 'sscanf' 的宣告
     1>d:\繪圖程式設計\finalproject2\pokemon\as2_framework\externals\include\tinyobj\tiny_obj_loader.h(1116): warning C4996: 'sscanf': This function or variable may be unsafe. Consider using sscanf_s instead. To disable deprecation, use _CRT_SECURE_NO_WARNINGS. See online help for details.
                 c:\program files (x86)\microsoft visual studio 12.0\vc\include\stdio.h(304) : 請參閱 'sscanf' 的宣告
         正在產生程式碼...
       Link:
         C:\Program Files (x86)\Microsoft Visual Studio 12.0\VC\bin\link.exe /ERRORREPORT:PROMPT /OUT:"D:\繪圖程式設計\finalproject2\pokemon\AS2_Framework\VC14\Debug\AS2_Framework.exe" /INCREMENTAL /NOLOGO kernel32.lib user32.lib gdi32.lib winspool.lib comdlg32.lib advapi32.lib shell32.lib ole32.lib oleaut32.lib uuid.lib odbc32.lib odbccp32.lib /MANIFEST /MANIFESTUAC:"level='asInvoker' uiAccess='false'" /manifest:embed /DEBUG /PDB:"D:\繪圖程式設計\finalproject2\pokemon\AS2_Framework\VC14\Debug\AS2_Framework.pdb" /SUBSYSTEM:CONSOLE /TLBID:1 /DYNAMICBASE /NXCOMPAT /IMPLIB:"D:\繪圖程式設計\finalproject2\pokemon\AS2_Framework\VC14\Debug\AS2_Framework.lib" /MACHINE:X86 Debug\header_only.obj
         Debug\main.obj
         AS2_Framework.vcxproj -> D:\繪圖程式設計\finalproject2\pokemon\AS2_Framework\VC14\Debug\AS2_Framework.exe
     1>專案 "D:\繪圖程式設計\finalproject2\pokemon\AS2_Framework\VC14\AS2_Framework.vcxproj" (Build 目標) 建置完成。

建置成功。

經過時間 00:00:12.56
